Determining if the pthread_create exist failed with the following output:
Change Dir: /home/wutrm/Documents/Robo/build/CMakeFiles/CMakeTmp

Run Build Command:"/usr/bin/make" "cmTC_43f7e/fast"
/usr/bin/make -f CMakeFiles/cmTC_43f7e.dir/build.make CMakeFiles/cmTC_43f7e.dir/build
make[1]: Entering directory '/home/wutrm/Documents/Robo/build/CMakeFiles/CMakeTmp'
Building C object CMakeFiles/cmTC_43f7e.dir/CheckSymbolExists.c.o
/usr/bin/aarch64-linux-gnu-gcc   -fPIC    -o CMakeFiles/cmTC_43f7e.dir/CheckSymbolExists.c.o   -c /home/wutrm/Documents/Robo/build/CMakeFiles/CMakeTmp/CheckSymbolExists.c
Linking C executable cmTC_43f7e
/usr/bin/cmake -E cmake_link_script CMakeFiles/cmTC_43f7e.dir/link.txt --verbose=1
/usr/bin/aarch64-linux-gnu-gcc -fPIC     -rdynamic CMakeFiles/cmTC_43f7e.dir/CheckSymbolExists.c.o  -o cmTC_43f7e 
CMakeFiles/cmTC_43f7e.dir/CheckSymbolExists.c.o: In function `main':
CheckSymbolExists.c:(.text+0x14): undefined reference to `pthread_create'
CheckSymbolExists.c:(.text+0x18): undefined reference to `pthread_create'
collect2: error: ld returned 1 exit status
CMakeFiles/cmTC_43f7e.dir/build.make:97: recipe for target 'cmTC_43f7e' failed
make[1]: *** [cmTC_43f7e] Error 1
make[1]: Leaving directory '/home/wutrm/Documents/Robo/build/CMakeFiles/CMakeTmp'
Makefile:126: recipe for target 'cmTC_43f7e/fast' failed
make: *** [cmTC_43f7e/fast] Error 2

File /home/wutrm/Documents/Robo/build/CMakeFiles/CMakeTmp/CheckSymbolExists.c:
/* */
#include <pthread.h>

int main(int argc, char** argv)
{
  (void)argv;
#ifndef pthread_create
  return ((int*)(&pthread_create))[argc];
#else
  (void)argc;
  return 0;
#endif
}

Determining if the function pthread_create exists in the pthreads failed with the following output:
Change Dir: /home/wutrm/Documents/Robo/build/CMakeFiles/CMakeTmp

Run Build Command:"/usr/bin/make" "cmTC_c546f/fast"
/usr/bin/make -f CMakeFiles/cmTC_c546f.dir/build.make CMakeFiles/cmTC_c546f.dir/build
make[1]: Entering directory '/home/wutrm/Documents/Robo/build/CMakeFiles/CMakeTmp'
Building C object CMakeFiles/cmTC_c546f.dir/CheckFunctionExists.c.o
/usr/bin/aarch64-linux-gnu-gcc   -fPIC -DCHECK_FUNCTION_EXISTS=pthread_create   -o CMakeFiles/cmTC_c546f.dir/CheckFunctionExists.c.o   -c /usr/share/cmake-3.10/Modules/CheckFunctionExists.c
Linking C executable cmTC_c546f
/usr/bin/cmake -E cmake_link_script CMakeFiles/cmTC_c546f.dir/link.txt --verbose=1
/usr/bin/aarch64-linux-gnu-gcc -fPIC -DCHECK_FUNCTION_EXISTS=pthread_create    -rdynamic CMakeFiles/cmTC_c546f.dir/CheckFunctionExists.c.o  -o cmTC_c546f -lpthreads 
/usr/bin/ld: cannot find -lpthreads
collect2: error: ld returned 1 exit status
CMakeFiles/cmTC_c546f.dir/build.make:97: recipe for target 'cmTC_c546f' failed
make[1]: *** [cmTC_c546f] Error 1
make[1]: Leaving directory '/home/wutrm/Documents/Robo/build/CMakeFiles/CMakeTmp'
Makefile:126: recipe for target 'cmTC_c546f/fast' failed
make: *** [cmTC_c546f/fast] Error 2


