Determining if the pthread_create exist failed with the following output:
Change Dir: /home/rmua/RobowithYOLO/build/CMakeFiles/CMakeTmp

Run Build Command:"/usr/bin/make" "cmTC_87819/fast"
/usr/bin/make -f CMakeFiles/cmTC_87819.dir/build.make CMakeFiles/cmTC_87819.dir/build
make[1]: 进入目录“/home/rmua/RobowithYOLO/build/CMakeFiles/CMakeTmp”
Building C object CMakeFiles/cmTC_87819.dir/CheckSymbolExists.c.o
/usr/bin/cc   -fPIC    -o CMakeFiles/cmTC_87819.dir/CheckSymbolExists.c.o   -c /home/rmua/RobowithYOLO/build/CMakeFiles/CMakeTmp/CheckSymbolExists.c
Linking C executable cmTC_87819
/usr/bin/cmake -E cmake_link_script CMakeFiles/cmTC_87819.dir/link.txt --verbose=1
/usr/bin/cc -fPIC     -rdynamic CMakeFiles/cmTC_87819.dir/CheckSymbolExists.c.o  -o cmTC_87819 
CMakeFiles/cmTC_87819.dir/CheckSymbolExists.c.o：在函数‘main’中：
CheckSymbolExists.c:(.text+0x14)：对‘pthread_create’未定义的引用
CheckSymbolExists.c:(.text+0x18)：对‘pthread_create’未定义的引用
collect2: error: ld returned 1 exit status
CMakeFiles/cmTC_87819.dir/build.make:97: recipe for target 'cmTC_87819' failed
make[1]: *** [cmTC_87819] Error 1
make[1]: 离开目录“/home/rmua/RobowithYOLO/build/CMakeFiles/CMakeTmp”
Makefile:126: recipe for target 'cmTC_87819/fast' failed
make: *** [cmTC_87819/fast] Error 2

File /home/rmua/RobowithYOLO/build/CMakeFiles/CMakeTmp/CheckSymbolExists.c:
/* */
#include <pthread.h>

int main(int argc, char** argv)
{
  (void)argv;
#ifndef pthread_create
  return ((int*)(&pthread_create))[argc];
#else
  (void)argc;
  return 0;
#endif
}

Determining if the function pthread_create exists in the pthreads failed with the following output:
Change Dir: /home/rmua/RobowithYOLO/build/CMakeFiles/CMakeTmp

Run Build Command:"/usr/bin/make" "cmTC_a948a/fast"
/usr/bin/make -f CMakeFiles/cmTC_a948a.dir/build.make CMakeFiles/cmTC_a948a.dir/build
make[1]: 进入目录“/home/rmua/RobowithYOLO/build/CMakeFiles/CMakeTmp”
Building C object CMakeFiles/cmTC_a948a.dir/CheckFunctionExists.c.o
/usr/bin/cc   -fPIC -DCHECK_FUNCTION_EXISTS=pthread_create   -o CMakeFiles/cmTC_a948a.dir/CheckFunctionExists.c.o   -c /usr/share/cmake-3.10/Modules/CheckFunctionExists.c
Linking C executable cmTC_a948a
/usr/bin/cmake -E cmake_link_script CMakeFiles/cmTC_a948a.dir/link.txt --verbose=1
/usr/bin/cc -fPIC -DCHECK_FUNCTION_EXISTS=pthread_create    -rdynamic CMakeFiles/cmTC_a948a.dir/CheckFunctionExists.c.o  -o cmTC_a948a -lpthreads 
/usr/bin/ld: 找不到 -lpthreads
collect2: error: ld returned 1 exit status
CMakeFiles/cmTC_a948a.dir/build.make:97: recipe for target 'cmTC_a948a' failed
make[1]: *** [cmTC_a948a] Error 1
make[1]: 离开目录“/home/rmua/RobowithYOLO/build/CMakeFiles/CMakeTmp”
Makefile:126: recipe for target 'cmTC_a948a/fast' failed
make: *** [cmTC_a948a/fast] Error 2


